<?xml version="1.0" encoding="UTF-8"?>
<!-- Generated by org.testng.reporters.JUnitReportReporter -->
<testsuite hostname="DESKTOP-8SVHUAD" failures="0" tests="1" name="testCases.TC002_LoginTest" time="1.304" errors="0" timestamp="2025-10-19T17:18:13 IST" skipped="0">
  <testcase classname="testCases.TC002_LoginTest" name="Verify_TC002_login" time="1.304"/>
  <system-out/>
</testsuite> <!-- testCases.TC002_LoginTest -->
