<?xml version="1.0" encoding="UTF-8"?>
<!-- Generated by org.testng.reporters.JUnitReportReporter -->
<testsuite hostname="DESKTOP-8SVHUAD" failures="0" tests="1" name="testCases.TC001_AccountRegistrationTest" time="5.118" errors="0" timestamp="2025-10-19T17:18:13 IST" skipped="0">
  <testcase classname="testCases.TC001_AccountRegistrationTest" name="verify_account_registration" time="5.118"/>
  <system-out/>
</testsuite> <!-- testCases.TC001_AccountRegistrationTest -->
