<?xml version="1.0" encoding="UTF-8"?>
<!-- Generated by org.testng.reporters.JUnitReportReporter -->
<testsuite hostname="DESKTOP-8SVHUAD" failures="0" tests="1" name="testCases.TC002_LoginTest" time="1.319" errors="0" timestamp="2025-10-19T18:01:43 IST" skipped="0">
  <testcase classname="testCases.TC002_LoginTest" name="Verify_TC002_login" time="1.319"/>
</testsuite> <!-- testCases.TC002_LoginTest -->
